# JRE version: OpenJDK Runtime Environment (11.0.10) (build 11.0.10+0-b96-7249189)
# Java VM: OpenJDK 64-Bit Server VM (11.0.10+0-b96-7249189, mixed mode, tiered, compressed oops, g1 gc, windows-amd64)
Heap:
 garbage-first heap   total 260096K, used 150033K [0x0000000080000000, 0x0000000100000000)
  region size 1024K, 99 young (101376K), 13 survivors (13312K)
 Metaspace       used 82141K, capacity 84105K, committed 84224K, reserved 1122304K
  class space    used 10730K, capacity 11490K, committed 11520K, reserved 1048576K
GC Heap History (18 events):
Event: 0.548 GC heap before
{Heap before GC invocations=0 (full 0):
 garbage-first heap   total 260096K, used 29696K [0x0000000080000000, 0x0000000100000000)
  region size 1024K, 24 young (24576K), 0 survivors (0K)
 Metaspace       used 9916K, capacity 10160K, committed 10368K, reserved 1058816K
  class space    used 1018K, capacity 1073K, committed 1152K, reserved 1048576K
}
Event: 0.552 GC heap after
{Heap after GC invocations=1 (full 0):
 garbage-first heap   total 260096K, used 9224K [0x0000000080000000, 0x0000000100000000)
  region size 1024K, 3 young (3072K), 3 survivors (3072K)
 Metaspace       used 9916K, capacity 10160K, committed 10368K, reserved 1058816K
  class space    used 1018K, capacity 1073K, committed 1152K, reserved 1048576K
}
Event: 2.194 GC heap before
{Heap before GC invocations=1 (full 0):
 garbage-first heap   total 260096K, used 117768K [0x0000000080000000, 0x0000000100000000)
  region size 1024K, 109 young (111616K), 3 survivors (3072K)
 Metaspace       used 20555K, capacity 21088K, committed 21248K, reserved 1067008K
  class space    used 2503K, capacity 2690K, committed 2816K, reserved 1048576K
}
Event: 2.203 GC heap after
{Heap after GC invocations=2 (full 0):
 garbage-first heap   total 260096K, used 16873K [0x0000000080000000, 0x0000000100000000)
  region size 1024K, 11 young (11264K), 11 survivors (11264K)
 Metaspace       used 20555K, capacity 21088K, committed 21248K, reserved 1067008K
  class space    used 2503K, capacity 2690K, committed 2816K, reserved 1048576K
}
Event: 2.922 GC heap before
{Heap before GC invocations=3 (full 0):
 garbage-first heap   total 260096K, used 87529K [0x0000000080000000, 0x0000000100000000)
  region size 1024K, 80 young (81920K), 11 survivors (11264K)
 Metaspace       used 27148K, capacity 27863K, committed 27904K, reserved 1073152K
  class space    used 3585K, capacity 3827K, committed 3840K, reserved 1048576K
}
Event: 2.930 GC heap after
{Heap after GC invocations=4 (full 0):
 garbage-first heap   total 260096K, used 19327K [0x0000000080000000, 0x0000000100000000)
  region size 1024K, 3 young (3072K), 3 survivors (3072K)
 Metaspace       used 27148K, capacity 27863K, committed 27904K, reserved 1073152K
  class space    used 3585K, capacity 3827K, committed 3840K, reserved 1048576K
}
Event: 3.475 GC heap before
{Heap before GC invocations=4 (full 0):
 garbage-first heap   total 260096K, used 61311K [0x0000000080000000, 0x0000000100000000)
  region size 1024K, 46 young (47104K), 3 survivors (3072K)
 Metaspace       used 35044K, capacity 35790K, committed 35840K, reserved 1081344K
  class space    used 4539K, capacity 4832K, committed 4864K, reserved 1048576K
}
Event: 3.483 GC heap after
{Heap after GC invocations=5 (full 0):
 garbage-first heap   total 260096K, used 22013K [0x0000000080000000, 0x0000000100000000)
  region size 1024K, 6 young (6144K), 6 survivors (6144K)
 Metaspace       used 35044K, capacity 35790K, committed 35840K, reserved 1081344K
  class space    used 4539K, capacity 4832K, committed 4864K, reserved 1048576K
}
Event: 4.697 GC heap before
{Heap before GC invocations=6 (full 0):
 garbage-first heap   total 260096K, used 142845K [0x0000000080000000, 0x0000000100000000)
  region size 1024K, 121 young (123904K), 6 survivors (6144K)
 Metaspace       used 44308K, capacity 45353K, committed 45568K, reserved 1089536K
  class space    used 5682K, capacity 6070K, committed 6144K, reserved 1048576K
}
Event: 4.706 GC heap after
{Heap after GC invocations=7 (full 0):
 garbage-first heap   total 260096K, used 29134K [0x0000000080000000, 0x0000000100000000)
  region size 1024K, 13 young (13312K), 13 survivors (13312K)
 Metaspace       used 44308K, capacity 45353K, committed 45568K, reserved 1089536K
  class space    used 5682K, capacity 6070K, committed 6144K, reserved 1048576K
}
Event: 6.754 GC heap before
{Heap before GC invocations=7 (full 0):
 garbage-first heap   total 260096K, used 169422K [0x0000000080000000, 0x0000000100000000)
  region size 1024K, 142 young (145408K), 13 survivors (13312K)
 Metaspace       used 55893K, capacity 57362K, committed 57600K, reserved 1099776K
  class space    used 7060K, capacity 7572K, committed 7680K, reserved 1048576K
}
Event: 6.767 GC heap after
{Heap after GC invocations=8 (full 0):
 garbage-first heap   total 260096K, used 48637K [0x0000000080000000, 0x0000000100000000)
  region size 1024K, 18 young (18432K), 18 survivors (18432K)
 Metaspace       used 55893K, capacity 57362K, committed 57600K, reserved 1099776K
  class space    used 7060K, capacity 7572K, committed 7680K, reserved 1048576K
}
Event: 7.034 GC heap before
{Heap before GC invocations=8 (full 0):
 garbage-first heap   total 260096K, used 66045K [0x0000000080000000, 0x0000000100000000)
  region size 1024K, 36 young (36864K), 18 survivors (18432K)
 Metaspace       used 58576K, capacity 60079K, committed 60160K, reserved 1101824K
  class space    used 7417K, capacity 7989K, committed 8064K, reserved 1048576K
}
Event: 7.056 GC heap after
{Heap after GC invocations=9 (full 0):
 garbage-first heap   total 260096K, used 51564K [0x0000000080000000, 0x0000000100000000)
  region size 1024K, 3 young (3072K), 3 survivors (3072K)
 Metaspace       used 58576K, capacity 60079K, committed 60160K, reserved 1101824K
  class space    used 7417K, capacity 7989K, committed 8064K, reserved 1048576K
}
Event: 7.933 GC heap before
{Heap before GC invocations=10 (full 0):
 garbage-first heap   total 260096K, used 139628K [0x0000000080000000, 0x0000000100000000)
  region size 1024K, 89 young (91136K), 3 survivors (3072K)
 Metaspace       used 65825K, capacity 67406K, committed 67584K, reserved 1107968K
  class space    used 8342K, capacity 8941K, committed 8960K, reserved 1048576K
}
Event: 7.941 GC heap after
{Heap after GC invocations=11 (full 0):
 garbage-first heap   total 260096K, used 56575K [0x0000000080000000, 0x0000000100000000)
  region size 1024K, 8 young (8192K), 8 survivors (8192K)
 Metaspace       used 65825K, capacity 67406K, committed 67584K, reserved 1107968K
  class space    used 8342K, capacity 8941K, committed 8960K, reserved 1048576K
}
Event: 12.351 GC heap before
{Heap before GC invocations=12 (full 0):
 garbage-first heap   total 260096K, used 150783K [0x0000000080000000, 0x0000000100000000)
  region size 1024K, 100 young (102400K), 8 survivors (8192K)
 Metaspace       used 74501K, capacity 76142K, committed 76288K, reserved 1116160K
  class space    used 9597K, capacity 10198K, committed 10240K, reserved 1048576K
}
Event: 12.361 GC heap after
{Heap after GC invocations=13 (full 0):
 garbage-first heap   total 260096K, used 62993K [0x0000000080000000, 0x0000000100000000)
  region size 1024K, 13 young (13312K), 13 survivors (13312K)
 Metaspace       used 74501K, capacity 76142K, committed 76288K, reserved 1116160K
  class space    used 9597K, capacity 10198K, committed 10240K, reserved 1048576K
}

